Analysis & Synthesis report for tx_serial_7O1
Fri Sep  8 15:14:46 2023
Quartus Prime Version 22.1std.0 Build 915 10/25/2022 SC Lite Edition


---------------------
; Table of Contents ;
---------------------
  1. Legal Notice
  2. Analysis & Synthesis Summary
  3. Analysis & Synthesis Settings
  4. Parallel Compilation
  5. Analysis & Synthesis Source Files Read
  6. Analysis & Synthesis Resource Usage Summary
  7. Analysis & Synthesis Resource Utilization by Entity
  8. State Machine - |tx_serial_7O1|tx_serial_uc:U1_UC|Eatual
  9. Registers Removed During Synthesis
 10. General Register Statistics
 11. Inverted Register Statistics
 12. Multiplexer Restructuring Statistics (Restructuring Performed)
 13. Parameter Settings for User Entity Instance: tx_serial_7O1_fd:U2_FD|deslocador_n:U1
 14. Parameter Settings for User Entity Instance: tx_serial_7O1_fd:U2_FD|contador_m:U2
 15. Parameter Settings for User Entity Instance: contador_m:U3_TICK
 16. Port Connectivity Checks: "contador_m:U3_TICK"
 17. Port Connectivity Checks: "tx_serial_7O1_fd:U2_FD|contador_m:U2"
 18. Port Connectivity Checks: "tx_serial_7O1_fd:U2_FD|deslocador_n:U1"
 19. Post-Synthesis Netlist Statistics for Top Partition
 20. Elapsed Time Per Partition
 21. Analysis & Synthesis Messages



----------------
; Legal Notice ;
----------------
Copyright (C) 2022  Intel Corporation. All rights reserved.
Your use of Intel Corporation's design tools, logic functions 
and other software and tools, and any partner logic 
functions, and any output files from any of the foregoing 
(including device programming or simulation files), and any 
associated documentation or information are expressly subject 
to the terms and conditions of the Intel Program License 
Subscription Agreement, the Intel Quartus Prime License Agreement,
the Intel FPGA IP License Agreement, or other applicable license
agreement, including, without limitation, that your use is for
the sole purpose of programming logic devices manufactured by
Intel and sold by Intel or its authorized distributors.  Please
refer to the applicable agreement for further details, at
https://fpgasoftware.intel.com/eula.



+----------------------------------------------------------------------------------+
; Analysis & Synthesis Summary                                                     ;
+---------------------------------+------------------------------------------------+
; Analysis & Synthesis Status     ; Successful - Fri Sep  8 15:14:46 2023          ;
; Quartus Prime Version           ; 22.1std.0 Build 915 10/25/2022 SC Lite Edition ;
; Revision Name                   ; tx_serial_7O1                                  ;
; Top-level Entity Name           ; tx_serial_7O1                                  ;
; Family                          ; Cyclone V                                      ;
; Logic utilization (in ALMs)     ; N/A                                            ;
; Total registers                 ; 29                                             ;
; Total pins                      ; 23                                             ;
; Total virtual pins              ; 0                                              ;
; Total block memory bits         ; 0                                              ;
; Total DSP Blocks                ; 0                                              ;
; Total HSSI RX PCSs              ; 0                                              ;
; Total HSSI PMA RX Deserializers ; 0                                              ;
; Total HSSI TX PCSs              ; 0                                              ;
; Total HSSI PMA TX Serializers   ; 0                                              ;
; Total PLLs                      ; 0                                              ;
; Total DLLs                      ; 0                                              ;
+---------------------------------+------------------------------------------------+


+---------------------------------------------------------------------------------------------------------------------------+
; Analysis & Synthesis Settings                                                                                             ;
+---------------------------------------------------------------------------------+--------------------+--------------------+
; Option                                                                          ; Setting            ; Default Value      ;
+---------------------------------------------------------------------------------+--------------------+--------------------+
; Device                                                                          ; 5CEBA4F23C7        ;                    ;
; Top-level entity name                                                           ; tx_serial_7O1      ; tx_serial_7O1      ;
; Family name                                                                     ; Cyclone V          ; Cyclone V          ;
; Use smart compilation                                                           ; Off                ; Off                ;
; Enable parallel Assembler and Timing Analyzer during compilation                ; On                 ; On                 ;
; Enable compact report table                                                     ; Off                ; Off                ;
; Restructure Multiplexers                                                        ; Auto               ; Auto               ;
; MLAB Add Timing Constraints For Mixed-Port Feed-Through Mode Setting Don't Care ; Off                ; Off                ;
; Create Debugging Nodes for IP Cores                                             ; Off                ; Off                ;
; Preserve fewer node names                                                       ; On                 ; On                 ;
; Intel FPGA IP Evaluation Mode                                                   ; Enable             ; Enable             ;
; Verilog Version                                                                 ; Verilog_2001       ; Verilog_2001       ;
; VHDL Version                                                                    ; VHDL_1993          ; VHDL_1993          ;
; State Machine Processing                                                        ; Auto               ; Auto               ;
; Safe State Machine                                                              ; Off                ; Off                ;
; Extract Verilog State Machines                                                  ; On                 ; On                 ;
; Extract VHDL State Machines                                                     ; On                 ; On                 ;
; Ignore Verilog initial constructs                                               ; Off                ; Off                ;
; Iteration limit for constant Verilog loops                                      ; 5000               ; 5000               ;
; Iteration limit for non-constant Verilog loops                                  ; 250                ; 250                ;
; Add Pass-Through Logic to Inferred RAMs                                         ; On                 ; On                 ;
; Infer RAMs from Raw Logic                                                       ; On                 ; On                 ;
; Parallel Synthesis                                                              ; On                 ; On                 ;
; DSP Block Balancing                                                             ; Auto               ; Auto               ;
; NOT Gate Push-Back                                                              ; On                 ; On                 ;
; Power-Up Don't Care                                                             ; On                 ; On                 ;
; Remove Redundant Logic Cells                                                    ; Off                ; Off                ;
; Remove Duplicate Registers                                                      ; On                 ; On                 ;
; Ignore CARRY Buffers                                                            ; Off                ; Off                ;
; Ignore CASCADE Buffers                                                          ; Off                ; Off                ;
; Ignore GLOBAL Buffers                                                           ; Off                ; Off                ;
; Ignore ROW GLOBAL Buffers                                                       ; Off                ; Off                ;
; Ignore LCELL Buffers                                                            ; Off                ; Off                ;
; Ignore SOFT Buffers                                                             ; On                 ; On                 ;
; Limit AHDL Integers to 32 Bits                                                  ; Off                ; Off                ;
; Optimization Technique                                                          ; Balanced           ; Balanced           ;
; Carry Chain Length                                                              ; 70                 ; 70                 ;
; Auto Carry Chains                                                               ; On                 ; On                 ;
; Auto Open-Drain Pins                                                            ; On                 ; On                 ;
; Perform WYSIWYG Primitive Resynthesis                                           ; Off                ; Off                ;
; Auto ROM Replacement                                                            ; On                 ; On                 ;
; Auto RAM Replacement                                                            ; On                 ; On                 ;
; Auto DSP Block Replacement                                                      ; On                 ; On                 ;
; Auto Shift Register Replacement                                                 ; Auto               ; Auto               ;
; Allow Shift Register Merging across Hierarchies                                 ; Auto               ; Auto               ;
; Auto Clock Enable Replacement                                                   ; On                 ; On                 ;
; Strict RAM Replacement                                                          ; Off                ; Off                ;
; Allow Synchronous Control Signals                                               ; On                 ; On                 ;
; Force Use of Synchronous Clear Signals                                          ; Off                ; Off                ;
; Auto Resource Sharing                                                           ; Off                ; Off                ;
; Allow Any RAM Size For Recognition                                              ; Off                ; Off                ;
; Allow Any ROM Size For Recognition                                              ; Off                ; Off                ;
; Allow Any Shift Register Size For Recognition                                   ; Off                ; Off                ;
; Use LogicLock Constraints during Resource Balancing                             ; On                 ; On                 ;
; Ignore translate_off and synthesis_off directives                               ; Off                ; Off                ;
; Timing-Driven Synthesis                                                         ; On                 ; On                 ;
; Report Parameter Settings                                                       ; On                 ; On                 ;
; Report Source Assignments                                                       ; On                 ; On                 ;
; Report Connectivity Checks                                                      ; On                 ; On                 ;
; Ignore Maximum Fan-Out Assignments                                              ; Off                ; Off                ;
; Synchronization Register Chain Length                                           ; 3                  ; 3                  ;
; Power Optimization During Synthesis                                             ; Normal compilation ; Normal compilation ;
; HDL message level                                                               ; Level2             ; Level2             ;
; Suppress Register Optimization Related Messages                                 ; Off                ; Off                ;
; Number of Removed Registers Reported in Synthesis Report                        ; 5000               ; 5000               ;
; Number of Swept Nodes Reported in Synthesis Report                              ; 5000               ; 5000               ;
; Number of Inverted Registers Reported in Synthesis Report                       ; 100                ; 100                ;
; Clock MUX Protection                                                            ; On                 ; On                 ;
; Auto Gated Clock Conversion                                                     ; Off                ; Off                ;
; Block Design Naming                                                             ; Auto               ; Auto               ;
; SDC constraint protection                                                       ; Off                ; Off                ;
; Synthesis Effort                                                                ; Auto               ; Auto               ;
; Shift Register Replacement - Allow Asynchronous Clear Signal                    ; On                 ; On                 ;
; Pre-Mapping Resynthesis Optimization                                            ; Off                ; Off                ;
; Analysis & Synthesis Message Level                                              ; Medium             ; Medium             ;
; Disable Register Merging Across Hierarchies                                     ; Auto               ; Auto               ;
; Resource Aware Inference For Block RAM                                          ; On                 ; On                 ;
; Automatic Parallel Synthesis                                                    ; On                 ; On                 ;
; Partial Reconfiguration Bitstream ID                                            ; Off                ; Off                ;
+---------------------------------------------------------------------------------+--------------------+--------------------+


+------------------------------------------+
; Parallel Compilation                     ;
+----------------------------+-------------+
; Processors                 ; Number      ;
+----------------------------+-------------+
; Number detected on machine ; 12          ;
; Maximum allowed            ; 6           ;
;                            ;             ;
; Average used               ; 1.00        ;
; Maximum used               ; 6           ;
;                            ;             ;
; Usage by Processor         ; % Time Used ;
;     Processor 1            ; 100.0%      ;
;     Processors 2-6         ;   0.0%      ;
+----------------------------+-------------+


+----------------------------------------------------------------------------------------------------------------------------------------------------------------------------------------+
; Analysis & Synthesis Source Files Read                                                                                                                                                 ;
+-------------------------------------------+-----------------+-----------------+----------------------------------------------------------------------------------------------+---------+
; File Name with User-Entered Path          ; Used in Netlist ; File Type       ; File Name with Absolute Path                                                                 ; Library ;
+-------------------------------------------+-----------------+-----------------+----------------------------------------------------------------------------------------------+---------+
; ../rtl/tx_serial_7O1/contador_m.vhd       ; yes             ; User VHDL File  ; /home/ipontes3olavy/second_quadrimester/diglabii/exp2/rtl/tx_serial_7O1/contador_m.vhd       ;         ;
; ../rtl/tx_serial_7O1/deslocador_n.vhd     ; yes             ; User VHDL File  ; /home/ipontes3olavy/second_quadrimester/diglabii/exp2/rtl/tx_serial_7O1/deslocador_n.vhd     ;         ;
; ../rtl/tx_serial_7O1/edge_detector.vhd    ; yes             ; User VHDL File  ; /home/ipontes3olavy/second_quadrimester/diglabii/exp2/rtl/tx_serial_7O1/edge_detector.vhd    ;         ;
; ../rtl/tx_serial_7O1/hexa7seg.vhd         ; yes             ; User VHDL File  ; /home/ipontes3olavy/second_quadrimester/diglabii/exp2/rtl/tx_serial_7O1/hexa7seg.vhd         ;         ;
; ../rtl/tx_serial_7O1/tx_serial_7O1.vhd    ; yes             ; User VHDL File  ; /home/ipontes3olavy/second_quadrimester/diglabii/exp2/rtl/tx_serial_7O1/tx_serial_7O1.vhd    ;         ;
; ../rtl/tx_serial_7O1/tx_serial_7O1_fd.vhd ; yes             ; User VHDL File  ; /home/ipontes3olavy/second_quadrimester/diglabii/exp2/rtl/tx_serial_7O1/tx_serial_7O1_fd.vhd ;         ;
; ../rtl/tx_serial_7O1/tx_serial_uc.vhd     ; yes             ; User VHDL File  ; /home/ipontes3olavy/second_quadrimester/diglabii/exp2/rtl/tx_serial_7O1/tx_serial_uc.vhd     ;         ;
+-------------------------------------------+-----------------+-----------------+----------------------------------------------------------------------------------------------+---------+


+-----------------------------------------------------------+
; Analysis & Synthesis Resource Usage Summary               ;
+---------------------------------------------+-------------+
; Resource                                    ; Usage       ;
+---------------------------------------------+-------------+
; Estimate of Logic utilization (ALMs needed) ; 21          ;
;                                             ;             ;
; Combinational ALUT usage for logic          ; 39          ;
;     -- 7 input functions                    ; 0           ;
;     -- 6 input functions                    ; 2           ;
;     -- 5 input functions                    ; 2           ;
;     -- 4 input functions                    ; 6           ;
;     -- <=3 input functions                  ; 29          ;
;                                             ;             ;
; Dedicated logic registers                   ; 29          ;
;                                             ;             ;
; I/O pins                                    ; 23          ;
;                                             ;             ;
; Total DSP Blocks                            ; 0           ;
;                                             ;             ;
; Maximum fan-out node                        ; clock~input ;
; Maximum fan-out                             ; 30          ;
; Total fan-out                               ; 258         ;
; Average fan-out                             ; 2.26        ;
+---------------------------------------------+-------------+


+--------------------------------------------------------------------------------------------------------------------------------------------------------------------------------------------------------------------------------+
; Analysis & Synthesis Resource Utilization by Entity                                                                                                                                                                            ;
+-----------------------------+---------------------+---------------------------+-------------------+------------+------+--------------+-------------------------------------------------------+------------------+--------------+
; Compilation Hierarchy Node  ; Combinational ALUTs ; Dedicated Logic Registers ; Block Memory Bits ; DSP Blocks ; Pins ; Virtual Pins ; Full Hierarchy Name                                   ; Entity Name      ; Library Name ;
+-----------------------------+---------------------+---------------------------+-------------------+------------+------+--------------+-------------------------------------------------------+------------------+--------------+
; |tx_serial_7O1              ; 39 (0)              ; 29 (0)                    ; 0                 ; 0          ; 23   ; 0            ; |tx_serial_7O1                                        ; tx_serial_7O1    ; work         ;
;    |contador_m:U3_TICK|     ; 12 (12)             ; 9 (9)                     ; 0                 ; 0          ; 0    ; 0            ; |tx_serial_7O1|contador_m:U3_TICK                     ; contador_m       ; work         ;
;    |edge_detector:U4_ED|    ; 0 (0)               ; 1 (1)                     ; 0                 ; 0          ; 0    ; 0            ; |tx_serial_7O1|edge_detector:U4_ED                    ; edge_detector    ; work         ;
;    |hexa7seg:HEX0|          ; 6 (6)               ; 0 (0)                     ; 0                 ; 0          ; 0    ; 0            ; |tx_serial_7O1|hexa7seg:HEX0                          ; hexa7seg         ; work         ;
;    |tx_serial_7O1_fd:U2_FD| ; 16 (1)              ; 14 (0)                    ; 0                 ; 0          ; 0    ; 0            ; |tx_serial_7O1|tx_serial_7O1_fd:U2_FD                 ; tx_serial_7O1_fd ; work         ;
;       |contador_m:U2|       ; 5 (5)               ; 4 (4)                     ; 0                 ; 0          ; 0    ; 0            ; |tx_serial_7O1|tx_serial_7O1_fd:U2_FD|contador_m:U2   ; contador_m       ; work         ;
;       |deslocador_n:U1|     ; 10 (10)             ; 10 (10)                   ; 0                 ; 0          ; 0    ; 0            ; |tx_serial_7O1|tx_serial_7O1_fd:U2_FD|deslocador_n:U1 ; deslocador_n     ; work         ;
;    |tx_serial_uc:U1_UC|     ; 5 (5)               ; 5 (5)                     ; 0                 ; 0          ; 0    ; 0            ; |tx_serial_7O1|tx_serial_uc:U1_UC                     ; tx_serial_uc     ; work         ;
+-----------------------------+---------------------+---------------------------+-------------------+------------+------+--------------+-------------------------------------------------------+------------------+--------------+
Note: For table entries with two numbers listed, the numbers in parentheses indicate the number of resources of the given type used by the specific entity alone. The numbers listed outside of parentheses indicate the total resources of the given type used by the specific entity and all of its sub-entities in the hierarchy.


Encoding Type:  One-Hot
+-------------------------------------------------------------------------------------------------------------+
; State Machine - |tx_serial_7O1|tx_serial_uc:U1_UC|Eatual                                                    ;
+--------------------+--------------+--------------------+---------------+-------------------+----------------+
; Name               ; Eatual.final ; Eatual.transmissao ; Eatual.espera ; Eatual.preparacao ; Eatual.inicial ;
+--------------------+--------------+--------------------+---------------+-------------------+----------------+
; Eatual.inicial     ; 0            ; 0                  ; 0             ; 0                 ; 0              ;
; Eatual.preparacao  ; 0            ; 0                  ; 0             ; 1                 ; 1              ;
; Eatual.espera      ; 0            ; 0                  ; 1             ; 0                 ; 1              ;
; Eatual.transmissao ; 0            ; 1                  ; 0             ; 0                 ; 1              ;
; Eatual.final       ; 1            ; 0                  ; 0             ; 0                 ; 1              ;
+--------------------+--------------+--------------------+---------------+-------------------+----------------+


+----------------------------------------------------------------------------------------+
; Registers Removed During Synthesis                                                     ;
+-----------------------------------------------+----------------------------------------+
; Register name                                 ; Reason for Removal                     ;
+-----------------------------------------------+----------------------------------------+
; tx_serial_7O1_fd:U2_FD|deslocador_n:U1|IQ[10] ; Stuck at VCC due to stuck port data_in ;
; Total Number of Removed Registers = 1         ;                                        ;
+-----------------------------------------------+----------------------------------------+


+------------------------------------------------------+
; General Register Statistics                          ;
+----------------------------------------------+-------+
; Statistic                                    ; Value ;
+----------------------------------------------+-------+
; Total registers                              ; 29    ;
; Number of registers using Synchronous Clear  ; 9     ;
; Number of registers using Synchronous Load   ; 0     ;
; Number of registers using Asynchronous Clear ; 28    ;
; Number of registers using Asynchronous Load  ; 0     ;
; Number of registers using Clock Enable       ; 13    ;
; Number of registers using Preset             ; 0     ;
+----------------------------------------------+-------+


+--------------------------------------------------------+
; Inverted Register Statistics                           ;
+----------------------------------------------+---------+
; Inverted Register                            ; Fan out ;
+----------------------------------------------+---------+
; tx_serial_7O1_fd:U2_FD|deslocador_n:U1|IQ[0] ; 2       ;
; tx_serial_7O1_fd:U2_FD|deslocador_n:U1|IQ[1] ; 1       ;
; tx_serial_7O1_fd:U2_FD|deslocador_n:U1|IQ[2] ; 1       ;
; tx_serial_7O1_fd:U2_FD|deslocador_n:U1|IQ[3] ; 1       ;
; tx_serial_7O1_fd:U2_FD|deslocador_n:U1|IQ[4] ; 1       ;
; tx_serial_7O1_fd:U2_FD|deslocador_n:U1|IQ[5] ; 1       ;
; tx_serial_7O1_fd:U2_FD|deslocador_n:U1|IQ[6] ; 1       ;
; tx_serial_7O1_fd:U2_FD|deslocador_n:U1|IQ[7] ; 1       ;
; tx_serial_7O1_fd:U2_FD|deslocador_n:U1|IQ[8] ; 1       ;
; tx_serial_7O1_fd:U2_FD|deslocador_n:U1|IQ[9] ; 1       ;
; Total number of inverted registers = 10      ;         ;
+----------------------------------------------+---------+


+---------------------------------------------------------------------------------------------------------------------------------------------------------------------------+
; Multiplexer Restructuring Statistics (Restructuring Performed)                                                                                                            ;
+--------------------+-----------+---------------+----------------------+------------------------+------------+-------------------------------------------------------------+
; Multiplexer Inputs ; Bus Width ; Baseline Area ; Area if Restructured ; Saving if Restructured ; Registered ; Example Multiplexer Output                                  ;
+--------------------+-----------+---------------+----------------------+------------------------+------------+-------------------------------------------------------------+
; 3:1                ; 2 bits    ; 4 LEs         ; 2 LEs                ; 2 LEs                  ; Yes        ; |tx_serial_7O1|tx_serial_7O1_fd:U2_FD|deslocador_n:U1|IQ[0] ;
; 3:1                ; 8 bits    ; 16 LEs        ; 8 LEs                ; 8 LEs                  ; Yes        ; |tx_serial_7O1|tx_serial_7O1_fd:U2_FD|deslocador_n:U1|IQ[7] ;
+--------------------+-----------+---------------+----------------------+------------------------+------------+-------------------------------------------------------------+


+-------------------------------------------------------------------------------------+
; Parameter Settings for User Entity Instance: tx_serial_7O1_fd:U2_FD|deslocador_n:U1 ;
+----------------+-------+------------------------------------------------------------+
; Parameter Name ; Value ; Type                                                       ;
+----------------+-------+------------------------------------------------------------+
; n              ; 11    ; Signed Integer                                             ;
+----------------+-------+------------------------------------------------------------+
Note: In order to hide this table in the UI and the text report file, please set the "Show Parameter Settings in Synthesis Report" option in "Analysis and Synthesis Settings -> More Settings" to "Off".


+-----------------------------------------------------------------------------------+
; Parameter Settings for User Entity Instance: tx_serial_7O1_fd:U2_FD|contador_m:U2 ;
+----------------+-------+----------------------------------------------------------+
; Parameter Name ; Value ; Type                                                     ;
+----------------+-------+----------------------------------------------------------+
; m              ; 12    ; Signed Integer                                           ;
; n              ; 4     ; Signed Integer                                           ;
+----------------+-------+----------------------------------------------------------+
Note: In order to hide this table in the UI and the text report file, please set the "Show Parameter Settings in Synthesis Report" option in "Analysis and Synthesis Settings -> More Settings" to "Off".


+-----------------------------------------------------------------+
; Parameter Settings for User Entity Instance: contador_m:U3_TICK ;
+----------------+-------+----------------------------------------+
; Parameter Name ; Value ; Type                                   ;
+----------------+-------+----------------------------------------+
; m              ; 434   ; Signed Integer                         ;
; n              ; 13    ; Signed Integer                         ;
+----------------+-------+----------------------------------------+
Note: In order to hide this table in the UI and the text report file, please set the "Show Parameter Settings in Synthesis Report" option in "Analysis and Synthesis Settings -> More Settings" to "Off".


+-----------------------------------------------------------------------------------------------------------------+
; Port Connectivity Checks: "contador_m:U3_TICK"                                                                  ;
+-------+--------+----------+-------------------------------------------------------------------------------------+
; Port  ; Type   ; Severity ; Details                                                                             ;
+-------+--------+----------+-------------------------------------------------------------------------------------+
; conta ; Input  ; Info     ; Stuck at VCC                                                                        ;
; q     ; Output ; Info     ; Connected to dangling logic. Logic that only feeds a dangling port will be removed. ;
; meio  ; Output ; Info     ; Connected to dangling logic. Logic that only feeds a dangling port will be removed. ;
+-------+--------+----------+-------------------------------------------------------------------------------------+


+----------------------------------------------------------------------------------------------------------------+
; Port Connectivity Checks: "tx_serial_7O1_fd:U2_FD|contador_m:U2"                                               ;
+------+--------+----------+-------------------------------------------------------------------------------------+
; Port ; Type   ; Severity ; Details                                                                             ;
+------+--------+----------+-------------------------------------------------------------------------------------+
; q    ; Output ; Info     ; Connected to dangling logic. Logic that only feeds a dangling port will be removed. ;
; meio ; Output ; Info     ; Connected to dangling logic. Logic that only feeds a dangling port will be removed. ;
+------+--------+----------+-------------------------------------------------------------------------------------+


+--------------------------------------------------------------------------------------------------------------------------+
; Port Connectivity Checks: "tx_serial_7O1_fd:U2_FD|deslocador_n:U1"                                                       ;
+----------------+--------+----------+-------------------------------------------------------------------------------------+
; Port           ; Type   ; Severity ; Details                                                                             ;
+----------------+--------+----------+-------------------------------------------------------------------------------------+
; entrada_serial ; Input  ; Info     ; Stuck at VCC                                                                        ;
; dados[10]      ; Input  ; Info     ; Stuck at VCC                                                                        ;
; dados[1]       ; Input  ; Info     ; Stuck at GND                                                                        ;
; dados[0]       ; Input  ; Info     ; Stuck at VCC                                                                        ;
; saida[10..1]   ; Output ; Info     ; Connected to dangling logic. Logic that only feeds a dangling port will be removed. ;
+----------------+--------+----------+-------------------------------------------------------------------------------------+


+-----------------------------------------------------+
; Post-Synthesis Netlist Statistics for Top Partition ;
+-----------------------+-----------------------------+
; Type                  ; Count                       ;
+-----------------------+-----------------------------+
; arriav_ff             ; 29                          ;
;     CLR               ; 6                           ;
;     CLR SCLR          ; 9                           ;
;     ENA CLR           ; 13                          ;
;     plain             ; 1                           ;
; arriav_lcell_comb     ; 41                          ;
;     arith             ; 9                           ;
;         1 data inputs ; 9                           ;
;     normal            ; 32                          ;
;         1 data inputs ; 3                           ;
;         2 data inputs ; 7                           ;
;         3 data inputs ; 12                          ;
;         4 data inputs ; 6                           ;
;         5 data inputs ; 2                           ;
;         6 data inputs ; 2                           ;
; boundary_port         ; 23                          ;
;                       ;                             ;
; Max LUT depth         ; 2.00                        ;
; Average LUT depth     ; 1.43                        ;
+-----------------------+-----------------------------+


+-------------------------------+
; Elapsed Time Per Partition    ;
+----------------+--------------+
; Partition Name ; Elapsed Time ;
+----------------+--------------+
; Top            ; 00:00:01     ;
+----------------+--------------+


+-------------------------------+
; Analysis & Synthesis Messages ;
+-------------------------------+
Info: *******************************************************************
Info: Running Quartus Prime Analysis & Synthesis
    Info: Version 22.1std.0 Build 915 10/25/2022 SC Lite Edition
    Info: Processing started: Fri Sep  8 15:14:35 2023
Info: Command: quartus_map --read_settings_files=on --write_settings_files=off tx_serial_7O1 -c tx_serial_7O1
Warning (18236): Number of processors has not been specified which may cause overloading on shared machines.  Set the global assignment NUM_PARALLEL_PROCESSORS in your QSF to an appropriate value for best performance.
Info (20030): Parallel compilation is enabled and will use 6 of the 6 processors detected
Info (12021): Found 2 design units, including 1 entities, in source file /home/ipontes3olavy/second_quadrimester/diglabii/exp2/rtl/tx_serial_7O1/contador_m.vhd
    Info (12022): Found design unit 1: contador_m-contador_m_arch File: /home/ipontes3olavy/second_quadrimester/diglabii/exp2/rtl/tx_serial_7O1/contador_m.vhd Line: 39
    Info (12023): Found entity 1: contador_m File: /home/ipontes3olavy/second_quadrimester/diglabii/exp2/rtl/tx_serial_7O1/contador_m.vhd Line: 24
Info (12021): Found 2 design units, including 1 entities, in source file /home/ipontes3olavy/second_quadrimester/diglabii/exp2/rtl/tx_serial_7O1/deslocador_n.vhd
    Info (12022): Found design unit 1: deslocador_n-deslocador_n_arch File: /home/ipontes3olavy/second_quadrimester/diglabii/exp2/rtl/tx_serial_7O1/deslocador_n.vhd Line: 34
    Info (12023): Found entity 1: deslocador_n File: /home/ipontes3olavy/second_quadrimester/diglabii/exp2/rtl/tx_serial_7O1/deslocador_n.vhd Line: 19
Info (12021): Found 2 design units, including 1 entities, in source file /home/ipontes3olavy/second_quadrimester/diglabii/exp2/rtl/tx_serial_7O1/edge_detector.vhd
    Info (12022): Found design unit 1: edge_detector-Behavioral File: /home/ipontes3olavy/second_quadrimester/diglabii/exp2/rtl/tx_serial_7O1/edge_detector.vhd Line: 30
    Info (12023): Found entity 1: edge_detector File: /home/ipontes3olavy/second_quadrimester/diglabii/exp2/rtl/tx_serial_7O1/edge_detector.vhd Line: 22
Info (12021): Found 2 design units, including 1 entities, in source file /home/ipontes3olavy/second_quadrimester/diglabii/exp2/rtl/tx_serial_7O1/hexa7seg.vhd
    Info (12022): Found design unit 1: hexa7seg-comportamental File: /home/ipontes3olavy/second_quadrimester/diglabii/exp2/rtl/tx_serial_7O1/hexa7seg.vhd Line: 32
    Info (12023): Found entity 1: hexa7seg File: /home/ipontes3olavy/second_quadrimester/diglabii/exp2/rtl/tx_serial_7O1/hexa7seg.vhd Line: 25
Info (12021): Found 2 design units, including 1 entities, in source file /home/ipontes3olavy/second_quadrimester/diglabii/exp2/rtl/tx_serial_7O1/tx_serial_7O1.vhd
    Info (12022): Found design unit 1: tx_serial_7O1-tx_serial_7O1_arch File: /home/ipontes3olavy/second_quadrimester/diglabii/exp2/rtl/tx_serial_7O1/tx_serial_7O1.vhd Line: 40
    Info (12023): Found entity 1: tx_serial_7O1 File: /home/ipontes3olavy/second_quadrimester/diglabii/exp2/rtl/tx_serial_7O1/tx_serial_7O1.vhd Line: 24
Info (12021): Found 2 design units, including 1 entities, in source file /home/ipontes3olavy/second_quadrimester/diglabii/exp2/rtl/tx_serial_7O1/tx_serial_7O1_fd.vhd
    Info (12022): Found design unit 1: tx_serial_7O1_fd-tx_serial_7O1_fd_arch File: /home/ipontes3olavy/second_quadrimester/diglabii/exp2/rtl/tx_serial_7O1/tx_serial_7O1_fd.vhd Line: 36
    Info (12023): Found entity 1: tx_serial_7O1_fd File: /home/ipontes3olavy/second_quadrimester/diglabii/exp2/rtl/tx_serial_7O1/tx_serial_7O1_fd.vhd Line: 22
Info (12021): Found 2 design units, including 1 entities, in source file /home/ipontes3olavy/second_quadrimester/diglabii/exp2/rtl/tx_serial_7O1/tx_serial_uc.vhd
    Info (12022): Found design unit 1: tx_serial_uc-tx_serial_uc_arch File: /home/ipontes3olavy/second_quadrimester/diglabii/exp2/rtl/tx_serial_7O1/tx_serial_uc.vhd Line: 36
    Info (12023): Found entity 1: tx_serial_uc File: /home/ipontes3olavy/second_quadrimester/diglabii/exp2/rtl/tx_serial_7O1/tx_serial_uc.vhd Line: 20
Info (12127): Elaborating entity "tx_serial_7O1" for the top level hierarchy
Info (12128): Elaborating entity "tx_serial_uc" for hierarchy "tx_serial_uc:U1_UC" File: /home/ipontes3olavy/second_quadrimester/diglabii/exp2/rtl/tx_serial_7O1/tx_serial_7O1.vhd Line: 114
Info (12128): Elaborating entity "tx_serial_7O1_fd" for hierarchy "tx_serial_7O1_fd:U2_FD" File: /home/ipontes3olavy/second_quadrimester/diglabii/exp2/rtl/tx_serial_7O1/tx_serial_7O1.vhd Line: 131
Info (12128): Elaborating entity "deslocador_n" for hierarchy "tx_serial_7O1_fd:U2_FD|deslocador_n:U1" File: /home/ipontes3olavy/second_quadrimester/diglabii/exp2/rtl/tx_serial_7O1/tx_serial_7O1_fd.vhd Line: 82
Info (12128): Elaborating entity "contador_m" for hierarchy "tx_serial_7O1_fd:U2_FD|contador_m:U2" File: /home/ipontes3olavy/second_quadrimester/diglabii/exp2/rtl/tx_serial_7O1/tx_serial_7O1_fd.vhd Line: 96
Info (12128): Elaborating entity "contador_m" for hierarchy "contador_m:U3_TICK" File: /home/ipontes3olavy/second_quadrimester/diglabii/exp2/rtl/tx_serial_7O1/tx_serial_7O1.vhd Line: 148
Info (12128): Elaborating entity "edge_detector" for hierarchy "edge_detector:U4_ED" File: /home/ipontes3olavy/second_quadrimester/diglabii/exp2/rtl/tx_serial_7O1/tx_serial_7O1.vhd Line: 163
Info (12128): Elaborating entity "hexa7seg" for hierarchy "hexa7seg:HEX0" File: /home/ipontes3olavy/second_quadrimester/diglabii/exp2/rtl/tx_serial_7O1/tx_serial_7O1.vhd Line: 179
Info (286030): Timing-Driven Synthesis is running
Info (16010): Generating hard_block partition "hard_block:auto_generated_inst"
    Info (16011): Adding 0 node(s), including 0 DDIO, 0 PLL, 0 transceiver and 0 LCELL
Info (21057): Implemented 63 device resources after synthesis - the final resource count might be different
    Info (21058): Implemented 10 input pins
    Info (21059): Implemented 13 output pins
    Info (21061): Implemented 40 logic cells
Info: Quartus Prime Analysis & Synthesis was successful. 0 errors, 1 warning
    Info: Peak virtual memory: 724 megabytes
    Info: Processing ended: Fri Sep  8 15:14:46 2023
    Info: Elapsed time: 00:00:11
    Info: Total CPU time (on all processors): 00:00:19


